<?xml version="1.0" encoding="UTF-8"?>
<!-- Generated by org.testng.reporters.JUnitXMLReporter -->
<testsuite ignored="2" hostname="Prashants-MacBook-Air.local" failures="0" tests="1" name="Surefire test" time="18.565" errors="0" timestamp="2025-08-21T13:54:30 IST">
  <testcase classname="com.qa.naukri.tests.LoginTest" name="loginPageGetTitle" time="15.547"/>
  <testcase classname="com.qa.naukri.base.BaseTest" name="@AfterTest tearDown" time="0.0">
    <ignored/>
  </testcase> <!-- @AfterTest tearDown -->
  <testcase classname="com.qa.naukri.base.BaseTest" name="@BeforeTest setup" time="0.0">
    <ignored/>
  </testcase> <!-- @BeforeTest setup -->
</testsuite> <!-- Surefire test -->
