<?xml version="1.0" encoding="UTF-8"?>
<!-- Generated by org.testng.reporters.JUnitXMLReporter -->
<testsuite ignored="0" hostname="Prashants-MacBook-Air.local" failures="0" tests="2" name="Default test" time="266.844" errors="0" timestamp="2025-08-22T01:01:56 IST">
  <testcase classname="com.qa.naukri.tests.LoginTest" name="loginInstahyreapplyJobs" time="40.852"/>
  <testcase classname="com.qa.naukri.tests.LoginTest" name="toVerifySearchSeleniumnRestAssuredJobsTest" time="215.126"/>
</testsuite> <!-- Default test -->
