<?xml version="1.0" encoding="UTF-8"?>
<!-- Generated by org.testng.reporters.JUnitXMLReporter -->
<testsuite ignored="0" hostname="Prashants-MacBook-Air.local" failures="0" tests="2" name="Default test" time="103.7" errors="0" timestamp="2025-08-22T00:48:18 IST">
  <testcase classname="com.qa.naukri.tests.LoginTest" name="loginInstahyreapplyJobs" time="38.353"/>
  <testcase classname="com.qa.naukri.tests.LoginTest" name="toVerifySearchSeleniumnRestAssuredJobsTest" time="55.449"/>
</testsuite> <!-- Default test -->
