<?xml version="1.0" encoding="UTF-8"?>
<testng-results ignored="0" total="1" passed="1" failed="0" skipped="0">
  <reporter-output>
  </reporter-output>
  <suite started-at="2025-08-21T13:54:06 IST" name="Surefire suite" finished-at="2025-08-21T13:54:25 IST" duration-ms="18565">
    <groups>
    </groups>
    <test started-at="2025-08-21T13:54:06 IST" name="Surefire test" finished-at="2025-08-21T13:54:25 IST" duration-ms="18565">
      <class name="com.qa.naukri.tests.LoginTest">
        <test-method is-config="true" signature="setup()[pri:0, instance:com.qa.naukri.tests.LoginTest@6ab7a896]" started-at="2025-08-21T13:54:06 IST" name="setup" finished-at="2025-08-21T13:54:09 IST" duration-ms="2898" status="PASS">
          <reporter-output>
          </reporter-output>
        </test-method> <!-- setup -->
        <test-method signature="loginPageGetTitle()[pri:0, instance:com.qa.naukri.tests.LoginTest@6ab7a896]" started-at="2025-08-21T13:54:09 IST" name="loginPageGetTitle" finished-at="2025-08-21T13:54:25 IST" duration-ms="15547" status="PASS">
          <reporter-output>
          </reporter-output>
        </test-method> <!-- loginPageGetTitle -->
        <test-method is-config="true" signature="tearDown()[pri:0, instance:com.qa.naukri.tests.LoginTest@6ab7a896]" started-at="2025-08-21T13:54:25 IST" name="tearDown" finished-at="2025-08-21T13:54:25 IST" duration-ms="99" status="PASS">
          <reporter-output>
          </reporter-output>
        </test-method> <!-- tearDown -->
      </class> <!-- com.qa.naukri.tests.LoginTest -->
    </test> <!-- Surefire test -->
  </suite> <!-- Surefire suite -->
</testng-results>
