<?xml version="1.0" encoding="UTF-8"?>
<testng-results ignored="0" total="1" passed="1" failed="0" skipped="0">
  <reporter-output>
  </reporter-output>
  <suite started-at="2025-08-21T00:21:35 IST" name="Default suite" finished-at="2025-08-21T00:22:29 IST" duration-ms="53558">
    <groups>
    </groups>
    <test started-at="2025-08-21T00:21:35 IST" name="Default test" finished-at="2025-08-21T00:22:29 IST" duration-ms="53558">
      <class name="com.qa.naukri.tests.LoginTest">
        <test-method is-config="true" signature="setup()[pri:0, instance:com.qa.naukri.tests.LoginTest@4b013c76]" started-at="2025-08-21T00:21:35 IST" name="setup" finished-at="2025-08-21T00:21:47 IST" duration-ms="11525" status="PASS">
          <reporter-output>
          </reporter-output>
        </test-method> <!-- setup -->
        <test-method signature="loginPageGetTitle()[pri:0, instance:com.qa.naukri.tests.LoginTest@4b013c76]" started-at="2025-08-21T00:21:47 IST" name="loginPageGetTitle" finished-at="2025-08-21T00:22:29 IST" duration-ms="41752" status="PASS">
          <reporter-output>
          </reporter-output>
        </test-method> <!-- loginPageGetTitle -->
        <test-method is-config="true" signature="tearDown()[pri:0, instance:com.qa.naukri.tests.LoginTest@4b013c76]" started-at="2025-08-21T00:22:29 IST" name="tearDown" finished-at="2025-08-21T00:22:29 IST" duration-ms="152" status="PASS">
          <reporter-output>
          </reporter-output>
        </test-method> <!-- tearDown -->
      </class> <!-- com.qa.naukri.tests.LoginTest -->
    </test> <!-- Default test -->
  </suite> <!-- Default suite -->
</testng-results>
