<?xml version="1.0" encoding="UTF-8"?>
<!-- Generated by org.testng.reporters.JUnitXMLReporter -->
<testsuite ignored="0" hostname="Prashants-MacBook-Air.local" failures="0" tests="2" name="FunctionalTests" time="15.965" errors="0" timestamp="2025-09-05T00:37:24 IST">
  <testcase classname="com.qa.naukri.base.BaseTest" name="@BeforeMethod setup" time="10.453">
    <failure type="java.lang.NullPointerException" message="Cannot invoke &amp;quot;org.openqa.selenium.WebDriver.manage()&amp;quot; because &amp;quot;this.driver&amp;quot; is null">
      <![CDATA[java.lang.NullPointerException: Cannot invoke "org.openqa.selenium.WebDriver.manage()" because "this.driver" is null
at com.qa.naukri.factory.DriverFactory.init_driver(DriverFactory.java:48)
at com.qa.naukri.base.BaseTest.setup(BaseTest.java:21)
at java.base/java.util.concurrent.Executors$RunnableAdapter.call(Executors.java:539)
at java.base/java.util.concurrent.FutureTask.run(FutureTask.java:264)
at java.base/java.util.concurrent.ThreadPoolExecutor.runWorker(ThreadPoolExecutor.java:1136)
at java.base/java.util.concurrent.ThreadPoolExecutor$Worker.run(ThreadPoolExecutor.java:635)
at java.base/java.lang.Thread.run(Thread.java:840)
... Removed 17 stack frames]]>
    </failure>
  </testcase> <!-- @BeforeMethod setup -->
  <testcase classname="com.qa.naukri.base.BaseTest" name="@BeforeMethod setup" time="10.453">
    <failure type="java.lang.NullPointerException" message="Cannot invoke &amp;quot;org.openqa.selenium.WebDriver.manage()&amp;quot; because &amp;quot;this.driver&amp;quot; is null">
      <![CDATA[java.lang.NullPointerException: Cannot invoke "org.openqa.selenium.WebDriver.manage()" because "this.driver" is null
at com.qa.naukri.factory.DriverFactory.init_driver(DriverFactory.java:48)
at com.qa.naukri.base.BaseTest.setup(BaseTest.java:21)
at java.base/java.util.concurrent.Executors$RunnableAdapter.call(Executors.java:539)
at java.base/java.util.concurrent.FutureTask.run(FutureTask.java:264)
at java.base/java.util.concurrent.ThreadPoolExecutor.runWorker(ThreadPoolExecutor.java:1136)
at java.base/java.util.concurrent.ThreadPoolExecutor$Worker.run(ThreadPoolExecutor.java:635)
at java.base/java.lang.Thread.run(Thread.java:840)
... Removed 17 stack frames]]>
    </failure>
  </testcase> <!-- @BeforeMethod setup -->
  <testcase classname="com.qa.naukri.base.BaseTest" name="@AfterMethod tearDown" time="0.0">
    <skipped/>
  </testcase> <!-- @AfterMethod tearDown -->
  <testcase classname="com.qa.naukri.base.BaseTest" name="@AfterMethod tearDown" time="0.0">
    <skipped/>
  </testcase> <!-- @AfterMethod tearDown -->
  <testcase classname="com.qa.naukri.tests.LoginTest" name="toVerifySearchSeleniumnRestAssuredJobsTest" time="0.0">
    <skipped/>
  </testcase> <!-- toVerifySearchSeleniumnRestAssuredJobsTest -->
  <testcase classname="com.qa.naukri.tests.LoginTest" name="loginInstahyreapplyJobs" time="0.0">
    <skipped/>
  </testcase> <!-- loginInstahyreapplyJobs -->
</testsuite> <!-- FunctionalTests -->
