<?xml version="1.0" encoding="UTF-8"?>
<!-- Generated by org.testng.reporters.JUnitReportReporter -->
<testsuite hostname="Prashants-MacBook-Air.local" failures="0" tests="2" name="com.qa.naukri.tests.LoginTest" time="255.978" errors="0" timestamp="2025-08-22T01:01:56 IST" skipped="0">
  <testcase classname="com.qa.naukri.tests.LoginTest" name="loginInstahyreapplyJobs" time="40.852"/>
  <testcase classname="com.qa.naukri.tests.LoginTest" name="toVerifySearchSeleniumnRestAssuredJobsTest" time="215.126"/>
</testsuite> <!-- com.qa.naukri.tests.LoginTest -->
