<?xml version="1.0" encoding="UTF-8"?>
<!-- Generated by org.testng.reporters.JUnitReportReporter -->
<testsuite hostname="Prashants-MacBook-Air.local" failures="0" tests="2" name="com.qa.naukri.tests.LoginTest" time="93.802" errors="0" timestamp="2025-08-22T00:48:18 IST" skipped="0">
  <testcase classname="com.qa.naukri.tests.LoginTest" name="loginInstahyreapplyJobs" time="38.353"/>
  <testcase classname="com.qa.naukri.tests.LoginTest" name="toVerifySearchSeleniumnRestAssuredJobsTest" time="55.449"/>
</testsuite> <!-- com.qa.naukri.tests.LoginTest -->
